<?xml version="1.0" encoding="UTF-8"?>
<testsuite name="com.study.spring.integration.service.CompanyServiceIT" tests="1" skipped="0" failures="0" errors="0" timestamp="2022-10-14T15:45:32" hostname="user-Nitro-AN515-54" time="4721.911">
  <properties/>
  <testcase name="findById()" classname="com.study.spring.integration.service.CompanyServiceIT" time="4721.911"/>
  <system-out><![CDATA[18:45:29.400 [Test worker] DEBUG org.springframework.test.context.BootstrapUtils - Instantiating CacheAwareContextLoaderDelegate from class [org.springframework.test.context.cache.DefaultCacheAwareContextLoaderDelegate]
18:45:29.410 [Test worker] DEBUG org.springframework.test.context.BootstrapUtils - Instantiating BootstrapContext using constructor [public org.springframework.test.context.support.DefaultBootstrapContext(java.lang.Class,org.springframework.test.context.CacheAwareContextLoaderDelegate)]
18:45:29.445 [Test worker] DEBUG org.springframework.test.context.BootstrapUtils - Instantiating TestContextBootstrapper for test class [com.study.spring.integration.service.CompanyServiceIT] from class [org.springframework.boot.test.context.SpringBootTestContextBootstrapper]
18:45:29.457 [Test worker] INFO org.springframework.boot.test.context.SpringBootTestContextBootstrapper - Neither @ContextConfiguration nor @ContextHierarchy found for test class [com.study.spring.integration.service.CompanyServiceIT], using SpringBootContextLoader
18:45:29.461 [Test worker] DEBUG org.springframework.test.context.support.AbstractContextLoader - Did not detect default resource location for test class [com.study.spring.integration.service.CompanyServiceIT]: class path resource [com/study/spring/integration/service/CompanyServiceIT-context.xml] does not exist
18:45:29.461 [Test worker] DEBUG org.springframework.test.context.support.AbstractContextLoader - Did not detect default resource location for test class [com.study.spring.integration.service.CompanyServiceIT]: class path resource [com/study/spring/integration/service/CompanyServiceITContext.groovy] does not exist
18:45:29.461 [Test worker] INFO org.springframework.test.context.support.AbstractContextLoader - Could not detect default resource locations for test class [com.study.spring.integration.service.CompanyServiceIT]: no resource found for suffixes {-context.xml, Context.groovy}.
18:45:29.462 [Test worker] INFO org.springframework.test.context.support.AnnotationConfigContextLoaderUtils - Could not detect default configuration classes for test class [com.study.spring.integration.service.CompanyServiceIT]: CompanyServiceIT does not declare any static, non-private, non-final, nested classes annotated with @Configuration.
18:45:29.558 [Test worker] DEBUG org.springframework.context.annotation.ClassPathScanningCandidateComponentProvider - Identified candidate component class: file [/home/user/IdeaProjects/study/spring-starter/build/classes/java/main/com/study/AppRunner.class]
18:45:29.559 [Test worker] INFO org.springframework.boot.test.context.SpringBootTestContextBootstrapper - Found @SpringBootConfiguration com.study.AppRunner for test class com.study.spring.integration.service.CompanyServiceIT
18:45:29.646 [Test worker] DEBUG org.springframework.boot.test.context.SpringBootTestContextBootstrapper - @TestExecutionListeners is not present for class [com.study.spring.integration.service.CompanyServiceIT]: using defaults.
18:45:29.647 [Test worker] INFO org.springframework.boot.test.context.SpringBootTestContextBootstrapper - Loaded default TestExecutionListener class names from location [META-INF/spring.factories]: [org.springframework.boot.test.autoconfigure.restdocs.RestDocsTestExecutionListener, org.springframework.boot.test.autoconfigure.web.client.MockRestServiceServerResetTestExecutionListener, org.springframework.boot.test.autoconfigure.web.servlet.MockMvcPrintOnlyOnFailureTestExecutionListener, org.springframework.boot.test.autoconfigure.web.servlet.WebDriverTestExecutionListener, org.springframework.boot.test.autoconfigure.webservices.client.MockWebServiceServerTestExecutionListener, org.springframework.boot.test.mock.mockito.MockitoTestExecutionListener, org.springframework.boot.test.mock.mockito.ResetMocksTestExecutionListener, org.springframework.test.context.web.ServletTestExecutionListener, org.springframework.test.context.support.DirtiesContextBeforeModesTestExecutionListener, org.springframework.test.context.event.ApplicationEventsTestExecutionListener, org.springframework.test.context.support.DependencyInjectionTestExecutionListener, org.springframework.test.context.support.DirtiesContextTestExecutionListener, org.springframework.test.context.transaction.TransactionalTestExecutionListener, org.springframework.test.context.jdbc.SqlScriptsTestExecutionListener, org.springframework.test.context.event.EventPublishingTestExecutionListener]
18:45:29.656 [Test worker] DEBUG org.springframework.boot.test.context.SpringBootTestContextBootstrapper - Skipping candidate TestExecutionListener [org.springframework.test.context.web.ServletTestExecutionListener] due to a missing dependency. Specify custom listener classes or make the default listener classes and their required dependencies available. Offending class: [javax/servlet/ServletContext]
18:45:29.663 [Test worker] INFO org.springframework.boot.test.context.SpringBootTestContextBootstrapper - Using TestExecutionListeners: [org.springframework.test.context.support.DirtiesContextBeforeModesTestExecutionListener@3b7d3a38, org.springframework.test.context.event.ApplicationEventsTestExecutionListener@416c58f5, org.springframework.boot.test.mock.mockito.MockitoTestExecutionListener@5505ae1a, org.springframework.boot.test.autoconfigure.SpringBootDependencyInjectionTestExecutionListener@73cd37c0, org.springframework.test.context.support.DirtiesContextTestExecutionListener@21337f7b, org.springframework.test.context.transaction.TransactionalTestExecutionListener@2bb3058, org.springframework.test.context.jdbc.SqlScriptsTestExecutionListener@7a362b6b, org.springframework.test.context.event.EventPublishingTestExecutionListener@60df60da, org.springframework.boot.test.autoconfigure.restdocs.RestDocsTestExecutionListener@5a2d131d, org.springframework.boot.test.autoconfigure.web.client.MockRestServiceServerResetTestExecutionListener@14fc1f0, org.springframework.boot.test.autoconfigure.web.servlet.MockMvcPrintOnlyOnFailureTestExecutionListener@4ae9cfc1, org.springframework.boot.test.autoconfigure.web.servlet.WebDriverTestExecutionListener@512baff6, org.springframework.boot.test.autoconfigure.webservices.client.MockWebServiceServerTestExecutionListener@632ceb35, org.springframework.boot.test.mock.mockito.ResetMocksTestExecutionListener@1c93f6e1]
18:45:29.667 [Test worker] DEBUG org.springframework.test.context.support.AbstractDirtiesContextTestExecutionListener - Before test class: context [DefaultTestContext@35432107 testClass = CompanyServiceIT, testInstance = [null], testMethod = [null], testException = [null], mergedContextConfiguration = [MergedContextConfiguration@7b420819 testClass = CompanyServiceIT, locations = '{}', classes = '{class com.study.AppRunner}', contextInitializerClasses = '[]', activeProfiles = '{test}', propertySourceLocations = '{}', propertySourceProperties = '{org.springframework.boot.test.context.SpringBootTestContextBootstrapper=true}', contextCustomizers = set[org.springframework.boot.test.autoconfigure.actuate.metrics.MetricsExportContextCustomizerFactory$DisableMetricExportContextCustomizer@3e27ba32, org.springframework.boot.test.autoconfigure.properties.PropertyMappingContextCustomizer@0, org.springframework.boot.test.autoconfigure.web.servlet.WebDriverContextCustomizerFactory$Customizer@1c5920df, org.springframework.boot.test.context.filter.ExcludeFilterContextCustomizer@15043a2f, org.springframework.boot.test.json.DuplicateJsonObjectContextCustomizerFactory$DuplicateJsonObjectContextCustomizer@4b29d1d2, org.springframework.boot.test.mock.mockito.MockitoContextCustomizer@0, org.springframework.boot.test.web.client.TestRestTemplateContextCustomizer@353352b6, org.springframework.boot.test.context.SpringBootTestArgs@1, org.springframework.boot.test.context.SpringBootTestWebEnvironment@1d082e88], contextLoader = 'org.springframework.boot.test.context.SpringBootContextLoader', parent = [null]], attributes = map[[empty]]], class annotated with @DirtiesContext [false] with mode [null].
18:45:29.676 [Test worker] DEBUG org.springframework.test.context.support.DependencyInjectionTestExecutionListener - Performing dependency injection for test context [[DefaultTestContext@35432107 testClass = CompanyServiceIT, testInstance = com.study.spring.integration.service.CompanyServiceIT@3f9342d4, testMethod = [null], testException = [null], mergedContextConfiguration = [MergedContextConfiguration@7b420819 testClass = CompanyServiceIT, locations = '{}', classes = '{class com.study.AppRunner}', contextInitializerClasses = '[]', activeProfiles = '{test}', propertySourceLocations = '{}', propertySourceProperties = '{org.springframework.boot.test.context.SpringBootTestContextBootstrapper=true}', contextCustomizers = set[org.springframework.boot.test.autoconfigure.actuate.metrics.MetricsExportContextCustomizerFactory$DisableMetricExportContextCustomizer@3e27ba32, org.springframework.boot.test.autoconfigure.properties.PropertyMappingContextCustomizer@0, org.springframework.boot.test.autoconfigure.web.servlet.WebDriverContextCustomizerFactory$Customizer@1c5920df, org.springframework.boot.test.context.filter.ExcludeFilterContextCustomizer@15043a2f, org.springframework.boot.test.json.DuplicateJsonObjectContextCustomizerFactory$DuplicateJsonObjectContextCustomizer@4b29d1d2, org.springframework.boot.test.mock.mockito.MockitoContextCustomizer@0, org.springframework.boot.test.web.client.TestRestTemplateContextCustomizer@353352b6, org.springframework.boot.test.context.SpringBootTestArgs@1, org.springframework.boot.test.context.SpringBootTestWebEnvironment@1d082e88], contextLoader = 'org.springframework.boot.test.context.SpringBootContextLoader', parent = [null]], attributes = map['org.springframework.test.context.event.ApplicationEventsTestExecutionListener.recordApplicationEvents' -> false]]].
18:45:29.701 [Test worker] DEBUG org.springframework.boot.ApplicationEnvironment - Activating profiles []
18:45:29.705 [Test worker] DEBUG org.springframework.test.context.support.TestPropertySourceUtils - Adding inlined properties to environment: {spring.jmx.enabled=false, org.springframework.boot.test.context.SpringBootTestContextBootstrapper=true}

  .   ____          _            __ _ _
 /\\ / ___'_ __ _ _(_)_ __  __ _ \ \ \ \
( ( )\___ | '_ | '_| | '_ \/ _` | \ \ \ \
 \\/  ___)| |_)| | | | | || (_| |  ) ) ) )
  '  |____| .__|_| |_|_| |_\__, | / / / /
 =========|_|==============|___/=/_/_/_/
 :: Spring Boot ::                (v2.6.2)

2022-10-14 18:45:30.035  INFO 358547 --- [    Test worker] c.s.s.i.service.CompanyServiceIT         : Starting CompanyServiceIT using Java 1.8.0_342 on user-Nitro-AN515-54 with PID 358547 (started by user in /home/user/IdeaProjects/study/spring-starter)
2022-10-14 18:45:30.036  INFO 358547 --- [    Test worker] c.s.s.i.service.CompanyServiceIT         : The following profiles are active: test
2022-10-14 18:45:30.391  INFO 358547 --- [    Test worker] .s.d.r.c.RepositoryConfigurationDelegate : Bootstrapping Spring Data JPA repositories in DEFAULT mode.
2022-10-14 18:45:30.406  INFO 358547 --- [    Test worker] .s.d.r.c.RepositoryConfigurationDelegate : Finished Spring Data repository scanning in 8 ms. Found 0 JPA repository interfaces.
2022-10-14 18:45:30.878  INFO 358547 --- [    Test worker] o.hibernate.jpa.internal.util.LogHelper  : HHH000204: Processing PersistenceUnitInfo [name: default]
2022-10-14 18:45:30.942  INFO 358547 --- [    Test worker] org.hibernate.Version                    : HHH000412: Hibernate ORM core version 5.6.3.Final
2022-10-14 18:45:31.118  INFO 358547 --- [    Test worker] o.hibernate.annotations.common.Version   : HCANN000001: Hibernate Commons Annotations {5.1.2.Final}
2022-10-14 18:45:31.234  INFO 358547 --- [    Test worker] com.zaxxer.hikari.HikariDataSource       : HikariPool-1 - Starting...
2022-10-14 18:45:31.484  INFO 358547 --- [    Test worker] com.zaxxer.hikari.HikariDataSource       : HikariPool-1 - Start completed.
2022-10-14 18:45:31.515  INFO 358547 --- [    Test worker] org.hibernate.dialect.Dialect            : HHH000400: Using dialect: org.hibernate.dialect.PostgreSQL10Dialect
2022-10-14 18:45:32.183  INFO 358547 --- [    Test worker] o.h.e.t.j.p.i.JtaPlatformInitiator       : HHH000490: Using JtaPlatform implementation: [org.hibernate.engine.transaction.jta.platform.internal.NoJtaPlatform]
2022-10-14 18:45:32.190  INFO 358547 --- [    Test worker] j.LocalContainerEntityManagerFactoryBean : Initialized JPA EntityManagerFactory for persistence unit 'default'
2022-10-14 18:45:32.206  WARN 358547 --- [    Test worker] c.s.spring.database.pool.ConnectionPool  : Init connection pool
2022-10-14 18:45:32.219  WARN 358547 --- [    Test worker] c.s.spring.database.pool.ConnectionPool  : Init connection pool
2022-10-14 18:45:32.220  WARN 358547 --- [    Test worker] c.s.spring.database.pool.ConnectionPool  : Init connection pool
2022-10-14 18:45:32.224  INFO 358547 --- [    Test worker] c.s.s.d.repository.CompanyRepository     : Init company repository
2022-10-14 18:45:32.381  INFO 358547 --- [    Test worker] c.s.s.i.service.CompanyServiceIT         : Started CompanyServiceIT in 2.675 seconds (JVM running for 3.665)
2022-10-14 20:04:08.560  WARN 358547 --- [l-1 housekeeper] com.zaxxer.hikari.pool.HikariPool        : HikariPool-1 - Thread starvation or clock leap detected (housekeeper delta=1h18m36s975ms946µs723ns).
2022-10-14 20:04:08.661  INFO 358547 --- [    Test worker] c.s.s.bpp.TransactionBeanPostProcessor   : open transaction
2022-10-14 20:04:08.661  INFO 358547 --- [    Test worker] c.s.s.bpp.AuditingBeanPostProcessor      : Audit method: findById
2022-10-14 20:04:08.668  INFO 358547 --- [    Test worker] c.s.s.d.repository.CompanyRepository     : findById() ...
2022-10-14 20:04:08.668  INFO 358547 --- [    Test worker] c.s.s.bpp.AuditingBeanPostProcessor      : Time execution: 6962037
2022-10-14 20:04:08.669  INFO 358547 --- [    Test worker] c.s.s.bpp.TransactionBeanPostProcessor   : close transaction
2022-10-14 20:04:14.283  INFO 358547 --- [    Test worker] c.s.s.listener.entity.EntityListener     : Entity: com.study.spring.listener.entity.EntityEvent[source=Company(id=1, name=null, locales={})]
]]></system-out>
  <system-err><![CDATA[]]></system-err>
</testsuite>
