<?xml version="1.0" encoding="UTF-8"?>
<testsuite name="com.study.spring.integration.service.UserServiceIT" tests="1" skipped="0" failures="0" errors="0" timestamp="2022-09-10T15:00:50" hostname="user-Nitro-AN515-54" time="0.002">
  <properties/>
  <testcase name="test()" classname="com.study.spring.integration.service.UserServiceIT" time="0.002"/>
  <system-out><![CDATA[]]></system-out>
  <system-err><![CDATA[]]></system-err>
</testsuite>
