<?xml version="1.0" encoding="UTF-8"?>
<testsuite name="com.study.spring.integration.database.repository.CompanyRepositoryTest" tests="1" skipped="0" failures="0" errors="0" timestamp="2022-10-14T11:09:43" hostname="user-Nitro-AN515-54" time="0.133">
  <properties/>
  <testcase name="saveNewCompany()" classname="com.study.spring.integration.database.repository.CompanyRepositoryTest" time="0.133"/>
  <system-out><![CDATA[14:09:41.042 [Test worker] DEBUG org.springframework.test.context.BootstrapUtils - Instantiating CacheAwareContextLoaderDelegate from class [org.springframework.test.context.cache.DefaultCacheAwareContextLoaderDelegate]
14:09:41.048 [Test worker] DEBUG org.springframework.test.context.BootstrapUtils - Instantiating BootstrapContext using constructor [public org.springframework.test.context.support.DefaultBootstrapContext(java.lang.Class,org.springframework.test.context.CacheAwareContextLoaderDelegate)]
14:09:41.072 [Test worker] DEBUG org.springframework.test.context.BootstrapUtils - Instantiating TestContextBootstrapper for test class [com.study.spring.integration.database.repository.CompanyRepositoryTest] from class [org.springframework.boot.test.context.SpringBootTestContextBootstrapper]
14:09:41.082 [Test worker] INFO org.springframework.boot.test.context.SpringBootTestContextBootstrapper - Neither @ContextConfiguration nor @ContextHierarchy found for test class [com.study.spring.integration.database.repository.CompanyRepositoryTest], using SpringBootContextLoader
14:09:41.084 [Test worker] DEBUG org.springframework.test.context.support.AbstractContextLoader - Did not detect default resource location for test class [com.study.spring.integration.database.repository.CompanyRepositoryTest]: class path resource [com/study/spring/integration/database/repository/CompanyRepositoryTest-context.xml] does not exist
14:09:41.085 [Test worker] DEBUG org.springframework.test.context.support.AbstractContextLoader - Did not detect default resource location for test class [com.study.spring.integration.database.repository.CompanyRepositoryTest]: class path resource [com/study/spring/integration/database/repository/CompanyRepositoryTestContext.groovy] does not exist
14:09:41.085 [Test worker] INFO org.springframework.test.context.support.AbstractContextLoader - Could not detect default resource locations for test class [com.study.spring.integration.database.repository.CompanyRepositoryTest]: no resource found for suffixes {-context.xml, Context.groovy}.
14:09:41.085 [Test worker] INFO org.springframework.test.context.support.AnnotationConfigContextLoaderUtils - Could not detect default configuration classes for test class [com.study.spring.integration.database.repository.CompanyRepositoryTest]: CompanyRepositoryTest does not declare any static, non-private, non-final, nested classes annotated with @Configuration.
14:09:41.156 [Test worker] DEBUG org.springframework.context.annotation.ClassPathScanningCandidateComponentProvider - Identified candidate component class: file [/home/user/IdeaProjects/study/spring-starter/build/classes/java/main/com/study/AppRunner.class]
14:09:41.157 [Test worker] INFO org.springframework.boot.test.context.SpringBootTestContextBootstrapper - Found @SpringBootConfiguration com.study.AppRunner for test class com.study.spring.integration.database.repository.CompanyRepositoryTest
14:09:41.220 [Test worker] DEBUG org.springframework.boot.test.context.SpringBootTestContextBootstrapper - @TestExecutionListeners is not present for class [com.study.spring.integration.database.repository.CompanyRepositoryTest]: using defaults.
14:09:41.221 [Test worker] INFO org.springframework.boot.test.context.SpringBootTestContextBootstrapper - Loaded default TestExecutionListener class names from location [META-INF/spring.factories]: [org.springframework.boot.test.autoconfigure.restdocs.RestDocsTestExecutionListener, org.springframework.boot.test.autoconfigure.web.client.MockRestServiceServerResetTestExecutionListener, org.springframework.boot.test.autoconfigure.web.servlet.MockMvcPrintOnlyOnFailureTestExecutionListener, org.springframework.boot.test.autoconfigure.web.servlet.WebDriverTestExecutionListener, org.springframework.boot.test.autoconfigure.webservices.client.MockWebServiceServerTestExecutionListener, org.springframework.boot.test.mock.mockito.MockitoTestExecutionListener, org.springframework.boot.test.mock.mockito.ResetMocksTestExecutionListener, org.springframework.test.context.web.ServletTestExecutionListener, org.springframework.test.context.support.DirtiesContextBeforeModesTestExecutionListener, org.springframework.test.context.event.ApplicationEventsTestExecutionListener, org.springframework.test.context.support.DependencyInjectionTestExecutionListener, org.springframework.test.context.support.DirtiesContextTestExecutionListener, org.springframework.test.context.transaction.TransactionalTestExecutionListener, org.springframework.test.context.jdbc.SqlScriptsTestExecutionListener, org.springframework.test.context.event.EventPublishingTestExecutionListener]
14:09:41.228 [Test worker] DEBUG org.springframework.boot.test.context.SpringBootTestContextBootstrapper - Skipping candidate TestExecutionListener [org.springframework.test.context.web.ServletTestExecutionListener] due to a missing dependency. Specify custom listener classes or make the default listener classes and their required dependencies available. Offending class: [javax/servlet/ServletContext]
14:09:41.234 [Test worker] INFO org.springframework.boot.test.context.SpringBootTestContextBootstrapper - Using TestExecutionListeners: [org.springframework.test.context.support.DirtiesContextBeforeModesTestExecutionListener@3cdf2c61, org.springframework.test.context.event.ApplicationEventsTestExecutionListener@13ad5cd3, org.springframework.boot.test.mock.mockito.MockitoTestExecutionListener@1c33c17b, org.springframework.boot.test.autoconfigure.SpringBootDependencyInjectionTestExecutionListener@5bf0fe62, org.springframework.test.context.support.DirtiesContextTestExecutionListener@1e097d59, org.springframework.test.context.transaction.TransactionalTestExecutionListener@673be18f, org.springframework.test.context.jdbc.SqlScriptsTestExecutionListener@6581dc0a, org.springframework.test.context.event.EventPublishingTestExecutionListener@39de3d36, org.springframework.boot.test.autoconfigure.restdocs.RestDocsTestExecutionListener@6ce86ce1, org.springframework.boot.test.autoconfigure.web.client.MockRestServiceServerResetTestExecutionListener@54e7df6a, org.springframework.boot.test.autoconfigure.web.servlet.MockMvcPrintOnlyOnFailureTestExecutionListener@3fed2870, org.springframework.boot.test.autoconfigure.web.servlet.WebDriverTestExecutionListener@77128536, org.springframework.boot.test.autoconfigure.webservices.client.MockWebServiceServerTestExecutionListener@58326051, org.springframework.boot.test.mock.mockito.ResetMocksTestExecutionListener@32c4e8b2]
14:09:41.238 [Test worker] DEBUG org.springframework.test.context.support.AbstractDirtiesContextTestExecutionListener - Before test class: context [DefaultTestContext@36328d33 testClass = CompanyRepositoryTest, testInstance = [null], testMethod = [null], testException = [null], mergedContextConfiguration = [MergedContextConfiguration@2c4d1ac testClass = CompanyRepositoryTest, locations = '{}', classes = '{class com.study.AppRunner}', contextInitializerClasses = '[]', activeProfiles = '{test}', propertySourceLocations = '{}', propertySourceProperties = '{org.springframework.boot.test.context.SpringBootTestContextBootstrapper=true}', contextCustomizers = set[org.springframework.boot.test.autoconfigure.actuate.metrics.MetricsExportContextCustomizerFactory$DisableMetricExportContextCustomizer@8458f04, org.springframework.boot.test.autoconfigure.properties.PropertyMappingContextCustomizer@0, org.springframework.boot.test.autoconfigure.web.servlet.WebDriverContextCustomizerFactory$Customizer@1750fbeb, org.springframework.boot.test.context.filter.ExcludeFilterContextCustomizer@6c284af, org.springframework.boot.test.json.DuplicateJsonObjectContextCustomizerFactory$DuplicateJsonObjectContextCustomizer@31ea9581, org.springframework.boot.test.mock.mockito.MockitoContextCustomizer@0, org.springframework.boot.test.web.client.TestRestTemplateContextCustomizer@73eb439a, org.springframework.boot.test.context.SpringBootTestArgs@1, org.springframework.boot.test.context.SpringBootTestWebEnvironment@78e94dcf], contextLoader = 'org.springframework.boot.test.context.SpringBootContextLoader', parent = [null]], attributes = map[[empty]]], class annotated with @DirtiesContext [false] with mode [null].
14:09:41.245 [Test worker] DEBUG org.springframework.test.context.support.DependencyInjectionTestExecutionListener - Performing dependency injection for test context [[DefaultTestContext@36328d33 testClass = CompanyRepositoryTest, testInstance = com.study.spring.integration.database.repository.CompanyRepositoryTest@2766ca9d, testMethod = [null], testException = [null], mergedContextConfiguration = [MergedContextConfiguration@2c4d1ac testClass = CompanyRepositoryTest, locations = '{}', classes = '{class com.study.AppRunner}', contextInitializerClasses = '[]', activeProfiles = '{test}', propertySourceLocations = '{}', propertySourceProperties = '{org.springframework.boot.test.context.SpringBootTestContextBootstrapper=true}', contextCustomizers = set[org.springframework.boot.test.autoconfigure.actuate.metrics.MetricsExportContextCustomizerFactory$DisableMetricExportContextCustomizer@8458f04, org.springframework.boot.test.autoconfigure.properties.PropertyMappingContextCustomizer@0, org.springframework.boot.test.autoconfigure.web.servlet.WebDriverContextCustomizerFactory$Customizer@1750fbeb, org.springframework.boot.test.context.filter.ExcludeFilterContextCustomizer@6c284af, org.springframework.boot.test.json.DuplicateJsonObjectContextCustomizerFactory$DuplicateJsonObjectContextCustomizer@31ea9581, org.springframework.boot.test.mock.mockito.MockitoContextCustomizer@0, org.springframework.boot.test.web.client.TestRestTemplateContextCustomizer@73eb439a, org.springframework.boot.test.context.SpringBootTestArgs@1, org.springframework.boot.test.context.SpringBootTestWebEnvironment@78e94dcf], contextLoader = 'org.springframework.boot.test.context.SpringBootContextLoader', parent = [null]], attributes = map['org.springframework.test.context.event.ApplicationEventsTestExecutionListener.recordApplicationEvents' -> false]]].
14:09:41.262 [Test worker] DEBUG org.springframework.boot.ApplicationEnvironment - Activating profiles []
14:09:41.265 [Test worker] DEBUG org.springframework.test.context.support.TestPropertySourceUtils - Adding inlined properties to environment: {spring.jmx.enabled=false, org.springframework.boot.test.context.SpringBootTestContextBootstrapper=true}

  .   ____          _            __ _ _
 /\\ / ___'_ __ _ _(_)_ __  __ _ \ \ \ \
( ( )\___ | '_ | '_| | '_ \/ _` | \ \ \ \
 \\/  ___)| |_)| | | | | || (_| |  ) ) ) )
  '  |____| .__|_| |_|_| |_\__, | / / / /
 =========|_|==============|___/=/_/_/_/
 :: Spring Boot ::                (v2.6.2)

2022-10-14 14:09:41.514  INFO 260210 --- [    Test worker] c.s.s.i.d.r.CompanyRepositoryTest        : Starting CompanyRepositoryTest using Java 1.8.0_342 on user-Nitro-AN515-54 with PID 260210 (started by user in /home/user/IdeaProjects/study/spring-starter)
2022-10-14 14:09:41.515  INFO 260210 --- [    Test worker] c.s.s.i.d.r.CompanyRepositoryTest        : The following profiles are active: test
2022-10-14 14:09:41.767  INFO 260210 --- [    Test worker] .s.d.r.c.RepositoryConfigurationDelegate : Bootstrapping Spring Data JPA repositories in DEFAULT mode.
2022-10-14 14:09:41.779  INFO 260210 --- [    Test worker] .s.d.r.c.RepositoryConfigurationDelegate : Finished Spring Data repository scanning in 7 ms. Found 0 JPA repository interfaces.
2022-10-14 14:09:42.114  INFO 260210 --- [    Test worker] o.hibernate.jpa.internal.util.LogHelper  : HHH000204: Processing PersistenceUnitInfo [name: default]
2022-10-14 14:09:42.173  INFO 260210 --- [    Test worker] org.hibernate.Version                    : HHH000412: Hibernate ORM core version 5.6.3.Final
2022-10-14 14:09:42.289  INFO 260210 --- [    Test worker] o.hibernate.annotations.common.Version   : HCANN000001: Hibernate Commons Annotations {5.1.2.Final}
2022-10-14 14:09:42.362  INFO 260210 --- [    Test worker] com.zaxxer.hikari.HikariDataSource       : HikariPool-1 - Starting...
2022-10-14 14:09:42.525  INFO 260210 --- [    Test worker] com.zaxxer.hikari.HikariDataSource       : HikariPool-1 - Start completed.
2022-10-14 14:09:42.551  INFO 260210 --- [    Test worker] org.hibernate.dialect.Dialect            : HHH000400: Using dialect: org.hibernate.dialect.PostgreSQL10Dialect
2022-10-14 14:09:43.070  INFO 260210 --- [    Test worker] o.h.e.t.j.p.i.JtaPlatformInitiator       : HHH000490: Using JtaPlatform implementation: [org.hibernate.engine.transaction.jta.platform.internal.NoJtaPlatform]
2022-10-14 14:09:43.075  INFO 260210 --- [    Test worker] j.LocalContainerEntityManagerFactoryBean : Initialized JPA EntityManagerFactory for persistence unit 'default'
2022-10-14 14:09:43.091  WARN 260210 --- [    Test worker] c.s.spring.database.pool.ConnectionPool  : Init connection pool
2022-10-14 14:09:43.102  WARN 260210 --- [    Test worker] c.s.spring.database.pool.ConnectionPool  : Init connection pool
2022-10-14 14:09:43.103  WARN 260210 --- [    Test worker] c.s.spring.database.pool.ConnectionPool  : Init connection pool
2022-10-14 14:09:43.106  INFO 260210 --- [    Test worker] c.s.s.d.repository.CompanyRepository     : Init company repository
2022-10-14 14:09:43.260  INFO 260210 --- [    Test worker] c.s.s.i.d.r.CompanyRepositoryTest        : Started CompanyRepositoryTest in 1.994 seconds (JVM running for 2.719)
2022-10-14 14:09:43.341  INFO 260210 --- [    Test worker] o.s.t.c.transaction.TransactionContext   : Began transaction (1) for test context [DefaultTestContext@36328d33 testClass = CompanyRepositoryTest, testInstance = com.study.spring.integration.database.repository.CompanyRepositoryTest@2766ca9d, testMethod = saveNewCompany@CompanyRepositoryTest, testException = [null], mergedContextConfiguration = [MergedContextConfiguration@2c4d1ac testClass = CompanyRepositoryTest, locations = '{}', classes = '{class com.study.AppRunner}', contextInitializerClasses = '[]', activeProfiles = '{test}', propertySourceLocations = '{}', propertySourceProperties = '{org.springframework.boot.test.context.SpringBootTestContextBootstrapper=true}', contextCustomizers = set[org.springframework.boot.test.autoconfigure.actuate.metrics.MetricsExportContextCustomizerFactory$DisableMetricExportContextCustomizer@8458f04, org.springframework.boot.test.autoconfigure.properties.PropertyMappingContextCustomizer@0, org.springframework.boot.test.autoconfigure.web.servlet.WebDriverContextCustomizerFactory$Customizer@1750fbeb, org.springframework.boot.test.context.filter.ExcludeFilterContextCustomizer@6c284af, org.springframework.boot.test.json.DuplicateJsonObjectContextCustomizerFactory$DuplicateJsonObjectContextCustomizer@31ea9581, org.springframework.boot.test.mock.mockito.MockitoContextCustomizer@0, org.springframework.boot.test.web.client.TestRestTemplateContextCustomizer@73eb439a, org.springframework.boot.test.context.SpringBootTestArgs@1, org.springframework.boot.test.context.SpringBootTestWebEnvironment@78e94dcf], contextLoader = 'org.springframework.boot.test.context.SpringBootContextLoader', parent = [null]], attributes = map['org.springframework.test.context.event.ApplicationEventsTestExecutionListener.recordApplicationEvents' -> false]]; transaction manager [org.springframework.orm.jpa.JpaTransactionManager@5882b202]; rollback [false]
Hibernate: 
    insert 
    into
        company
        (name) 
    values
        (?)
Hibernate: 
    insert 
    into
        company_locales
        (company_id, lang, description) 
    values
        (?, ?, ?)
Hibernate: 
    insert 
    into
        company_locales
        (company_id, lang, description) 
    values
        (?, ?, ?)
2022-10-14 14:09:43.422  INFO 260210 --- [    Test worker] o.s.t.c.transaction.TransactionContext   : Committed transaction for test: [DefaultTestContext@36328d33 testClass = CompanyRepositoryTest, testInstance = com.study.spring.integration.database.repository.CompanyRepositoryTest@2766ca9d, testMethod = saveNewCompany@CompanyRepositoryTest, testException = [null], mergedContextConfiguration = [MergedContextConfiguration@2c4d1ac testClass = CompanyRepositoryTest, locations = '{}', classes = '{class com.study.AppRunner}', contextInitializerClasses = '[]', activeProfiles = '{test}', propertySourceLocations = '{}', propertySourceProperties = '{org.springframework.boot.test.context.SpringBootTestContextBootstrapper=true}', contextCustomizers = set[org.springframework.boot.test.autoconfigure.actuate.metrics.MetricsExportContextCustomizerFactory$DisableMetricExportContextCustomizer@8458f04, org.springframework.boot.test.autoconfigure.properties.PropertyMappingContextCustomizer@0, org.springframework.boot.test.autoconfigure.web.servlet.WebDriverContextCustomizerFactory$Customizer@1750fbeb, org.springframework.boot.test.context.filter.ExcludeFilterContextCustomizer@6c284af, org.springframework.boot.test.json.DuplicateJsonObjectContextCustomizerFactory$DuplicateJsonObjectContextCustomizer@31ea9581, org.springframework.boot.test.mock.mockito.MockitoContextCustomizer@0, org.springframework.boot.test.web.client.TestRestTemplateContextCustomizer@73eb439a, org.springframework.boot.test.context.SpringBootTestArgs@1, org.springframework.boot.test.context.SpringBootTestWebEnvironment@78e94dcf], contextLoader = 'org.springframework.boot.test.context.SpringBootContextLoader', parent = [null]], attributes = map['org.springframework.test.context.event.ApplicationEventsTestExecutionListener.recordApplicationEvents' -> false]]
]]></system-out>
  <system-err><![CDATA[]]></system-err>
</testsuite>
